<?xml version="1.0" encoding="UTF-8"?>
<testsuite name="com.lattechiffon.junit.chapter1.ScoreCollectionTest" tests="2" skipped="0" failures="0" errors="0" timestamp="2021-06-26T08:50:28" hostname="MacBookPro-YONGGUK.local" time="0.022">
  <properties/>
  <testcase name="test()" classname="com.lattechiffon.junit.chapter1.ScoreCollectionTest" time="0.015"/>
  <testcase name="answersArithmeticMeanOfTwoNumbers()" classname="com.lattechiffon.junit.chapter1.ScoreCollectionTest" time="0.006"/>
  <system-out><![CDATA[]]></system-out>
  <system-err><![CDATA[]]></system-err>
</testsuite>
